Сборка начата 9/20/2023 12:51:23 AM.
Уровень детализации журнала: Normal.     1>Проект "C:\сыч\уник\врпо\HelloWorld\HelloWorld\HelloWorld.vcxproj" в узле 2 (целевые объекты Rebuild).
     1>_PrepareForClean:
         Файл "x64\Debug\HelloWorld.tlog\HelloWorld.lastbuildstate" удаляется.
       InitializeBuildStatus:
         Создание "x64\Debug\HelloWorld.tlog\unsuccessfulbuild", так как было задано "AlwaysCreate".
         Обращение к "x64\Debug\HelloWorld.tlog\unsuccessfulbuild".
       ClCompile:
         C:\Program Files\Microsoft Visual Studio\2022\Community\VC\Tools\MSVC\14.37.32822\bin\HostX64\x64\CL.exe /c /ZI /JMC /nologo /W3 /WX- /diagnostics:column /sdl /Od /D _DEBUG /D _CONSOLE /D _UNICODE /D UNICODE /Gm- /EHsc /RTC1 /MDd /GS /fp:precise /Zc:wchar_t /Zc:forScope /Zc:inline /permissive- /Fo"x64\Debug\\" /Fd"x64\Debug\vc143.pdb" /external:W3 /Gd /TP /FC /errorReport:prompt Hello.cpp
         Hello.cpp
       Link:
         C:\Program Files\Microsoft Visual Studio\2022\Community\VC\Tools\MSVC\14.37.32822\bin\HostX64\x64\link.exe /ERRORREPORT:PROMPT /OUT:"C:\сыч\уник\врпо\HelloWorld\x64\Debug\HelloWorld.exe" /INCREMENTAL /ILK:"x64\Debug\HelloWorld.ilk" /NOLOGO kernel32.lib user32.lib gdi32.lib winspool.lib comdlg32.lib advapi32.lib shell32.lib ole32.lib oleaut32.lib uuid.lib odbc32.lib odbccp32.lib /MANIFEST /MANIFESTUAC:"level='asInvoker' uiAccess='false'" /manifest:embed /DEBUG /PDB:"C:\сыч\уник\врпо\HelloWorld\x64\Debug\HelloWorld.pdb" /SUBSYSTEM:CONSOLE /TLBID:1 /DYNAMICBASE /NXCOMPAT /IMPLIB:"C:\сыч\уник\врпо\HelloWorld\x64\Debug\HelloWorld.lib" /MACHINE:X64 x64\Debug\Hello.obj
         HelloWorld.vcxproj -> C:\сыч\уник\врпо\HelloWorld\x64\Debug\HelloWorld.exe
       FinalizeBuildStatus:
         Файл "x64\Debug\HelloWorld.tlog\unsuccessfulbuild" удаляется.
         Обращение к "x64\Debug\HelloWorld.tlog\HelloWorld.lastbuildstate".
     1>Сборка проекта "C:\сыч\уник\врпо\HelloWorld\HelloWorld\HelloWorld.vcxproj" завершена (целевые объекты Rebuild).

Сборка успешно завершена.
    Предупреждений: 0
    Ошибок: 0

Прошло времени 00:00:00.90
